<?xml version="1.0" encoding="UTF-8"?>
<!-- Generated by org.testng.reporters.JUnitReportReporter -->
<testsuite skipped="0" hostname="GopinathKumsi" name="com.scripts.BookTest" tests="1" failures="0" timestamp="2020-08-06T11:44:04 IST" time="102.943" errors="0">
  <testcase name="getBooking" time="102.943" classname="com.scripts.BookTest"/>
  <system-out/>
</testsuite> <!-- com.scripts.BookTest -->
