<?xml version="1.0" encoding="UTF-8"?>
<!-- Generated by org.testng.reporters.JUnitReportReporter -->
<testsuite skipped="0" hostname="GopinathKumsi" name="com.scripts.BookTest" tests="1" failures="0" timestamp="2020-08-06T12:46:35 IST" time="111.469" errors="0">
  <testcase name="getBooking" time="111.469" classname="com.scripts.BookTest"/>
  <system-out/>
</testsuite> <!-- com.scripts.BookTest -->
